  Character.cpp
Character.cpp(106): warning C4244: '=': 'double'에서 'int'(으)로 변환하면서 데이터가 손실될 수 있습니다.
Character.cpp(117): warning C4244: '인수': 'int'에서 'GLfloat'(으)로 변환하면서 데이터가 손실될 수 있습니다.
Character.cpp(117): warning C4244: '인수': 'double'에서 'GLfloat'(으)로 변환하면서 데이터가 손실될 수 있습니다.
Character.cpp(139): warning C4244: '인수': 'int'에서 'GLfloat'(으)로 변환하면서 데이터가 손실될 수 있습니다.
Character.cpp(145): warning C4244: '인수': 'double'에서 'GLfloat'(으)로 변환하면서 데이터가 손실될 수 있습니다.
Character.cpp(156): warning C4244: '인수': 'double'에서 'GLfloat'(으)로 변환하면서 데이터가 손실될 수 있습니다.
Character.cpp(161): warning C4244: '인수': 'int'에서 'GLfloat'(으)로 변환하면서 데이터가 손실될 수 있습니다.
Character.cpp(167): warning C4244: '인수': 'int'에서 'GLfloat'(으)로 변환하면서 데이터가 손실될 수 있습니다.
Character.cpp(175): warning C4244: '인수': 'int'에서 'GLfloat'(으)로 변환하면서 데이터가 손실될 수 있습니다.
Character.cpp(177): warning C4305: '인수': 'double'에서 'GLfloat'(으)로 잘립니다.
Character.cpp(184): warning C4305: '인수': 'double'에서 'GLfloat'(으)로 잘립니다.
Character.cpp(192): warning C4244: '인수': 'int'에서 'GLfloat'(으)로 변환하면서 데이터가 손실될 수 있습니다.
Character.cpp(194): warning C4305: '인수': 'double'에서 'GLfloat'(으)로 잘립니다.
Character.cpp(200): warning C4305: '인수': 'double'에서 'GLfloat'(으)로 잘립니다.
Character.cpp(207): warning C4244: '인수': 'double'에서 'GLfloat'(으)로 변환하면서 데이터가 손실될 수 있습니다.
Character.cpp(209): warning C4305: '인수': 'double'에서 'GLfloat'(으)로 잘립니다.
Character.cpp(215): warning C4305: '인수': 'double'에서 'GLfloat'(으)로 잘립니다.
Character.cpp(220): warning C4244: '인수': 'double'에서 'GLfloat'(으)로 변환하면서 데이터가 손실될 수 있습니다.
Character.cpp(222): warning C4305: '인수': 'double'에서 'GLfloat'(으)로 잘립니다.
Character.cpp(228): warning C4305: '인수': 'double'에서 'GLfloat'(으)로 잘립니다.
Character.cpp(233): warning C4244: '인수': 'double'에서 'GLfloat'(으)로 변환하면서 데이터가 손실될 수 있습니다.
Character.cpp(235): warning C4305: '인수': 'double'에서 'GLfloat'(으)로 잘립니다.
Character.cpp(241): warning C4305: '인수': 'double'에서 'GLfloat'(으)로 잘립니다.
Character.cpp(246): warning C4244: '인수': 'double'에서 'GLfloat'(으)로 변환하면서 데이터가 손실될 수 있습니다.
Character.cpp(248): warning C4305: '인수': 'double'에서 'GLfloat'(으)로 잘립니다.
Character.cpp(255): warning C4305: '인수': 'double'에서 'GLfloat'(으)로 잘립니다.
Character.cpp(263): warning C4244: '인수': 'int'에서 'GLfloat'(으)로 변환하면서 데이터가 손실될 수 있습니다.
Character.cpp(270): warning C4305: '인수': 'double'에서 'GLfloat'(으)로 잘립니다.
Character.cpp(276): warning C4305: '인수': 'double'에서 'GLfloat'(으)로 잘립니다.
Character.cpp(283): warning C4244: '인수': 'int'에서 'GLfloat'(으)로 변환하면서 데이터가 손실될 수 있습니다.
Character.cpp(290): warning C4305: '인수': 'double'에서 'GLfloat'(으)로 잘립니다.
Character.cpp(296): warning C4305: '인수': 'double'에서 'GLfloat'(으)로 잘립니다.
Character.cpp(312): warning C4244: '인수': 'int'에서 'GLfloat'(으)로 변환하면서 데이터가 손실될 수 있습니다.
Character.cpp(346): warning C4244: '인수': 'int'에서 'GLfloat'(으)로 변환하면서 데이터가 손실될 수 있습니다.
Character.cpp(352): warning C4244: '인수': 'int'에서 'GLfloat'(으)로 변환하면서 데이터가 손실될 수 있습니다.
Character.cpp(358): warning C4244: '인수': 'int'에서 'GLfloat'(으)로 변환하면서 데이터가 손실될 수 있습니다.
Character.cpp(364): warning C4244: '인수': 'int'에서 'GLfloat'(으)로 변환하면서 데이터가 손실될 수 있습니다.
Character.cpp(370): warning C4244: '인수': 'int'에서 'GLfloat'(으)로 변환하면서 데이터가 손실될 수 있습니다.
Character.cpp(376): warning C4244: '인수': 'int'에서 'GLfloat'(으)로 변환하면서 데이터가 손실될 수 있습니다.
Character.cpp(382): warning C4244: '인수': 'int'에서 'GLfloat'(으)로 변환하면서 데이터가 손실될 수 있습니다.
Character.cpp(388): warning C4244: '인수': 'int'에서 'GLfloat'(으)로 변환하면서 데이터가 손실될 수 있습니다.
Character.cpp(534): warning C4305: '인수': 'int'에서 'bool'(으)로 잘립니다.
Character.cpp(544): warning C4305: '인수': 'int'에서 'bool'(으)로 잘립니다.
Character.cpp(570): warning C4305: '인수': 'int'에서 'bool'(으)로 잘립니다.
  코드를 생성하고 있습니다.
  2 of 98 functions ( 2.0%) were compiled, the rest were copied from previous compilation.
    0 functions were new in current compilation
    1 functions had inline decision re-evaluated but remain unchanged
  코드를 생성했습니다.
  Finalexam.vcxproj -> C:\Users\lee\Documents\GitHub\cg\SecondComputerGrapics\Finalexam\Release\Finalexam.exe
