  CGameSystem.cpp
CGameSystem.cpp(168): warning C4996: 'fopen': This function or variable may be unsafe. Consider using fopen_s instead. To disable deprecation, use _CRT_SECURE_NO_WARNINGS. See online help for details.
  C:\Program Files (x86)\Windows Kits\10\Include\10.0.10240.0\ucrt\stdio.h(205): note: 'fopen' 선언을 참조하십시오.
  Character.cpp
Character.cpp(102): warning C4244: '=': 'double'에서 'int'(으)로 변환하면서 데이터가 손실될 수 있습니다.
Character.cpp(113): warning C4244: '인수': 'int'에서 'GLfloat'(으)로 변환하면서 데이터가 손실될 수 있습니다.
Character.cpp(113): warning C4244: '인수': 'double'에서 'GLfloat'(으)로 변환하면서 데이터가 손실될 수 있습니다.
Character.cpp(135): warning C4244: '인수': 'int'에서 'GLfloat'(으)로 변환하면서 데이터가 손실될 수 있습니다.
Character.cpp(141): warning C4244: '인수': 'double'에서 'GLfloat'(으)로 변환하면서 데이터가 손실될 수 있습니다.
Character.cpp(152): warning C4244: '인수': 'double'에서 'GLfloat'(으)로 변환하면서 데이터가 손실될 수 있습니다.
Character.cpp(157): warning C4244: '인수': 'int'에서 'GLfloat'(으)로 변환하면서 데이터가 손실될 수 있습니다.
Character.cpp(163): warning C4244: '인수': 'int'에서 'GLfloat'(으)로 변환하면서 데이터가 손실될 수 있습니다.
Character.cpp(171): warning C4244: '인수': 'int'에서 'GLfloat'(으)로 변환하면서 데이터가 손실될 수 있습니다.
Character.cpp(173): warning C4305: '인수': 'double'에서 'GLfloat'(으)로 잘립니다.
Character.cpp(180): warning C4305: '인수': 'double'에서 'GLfloat'(으)로 잘립니다.
Character.cpp(188): warning C4244: '인수': 'int'에서 'GLfloat'(으)로 변환하면서 데이터가 손실될 수 있습니다.
Character.cpp(190): warning C4305: '인수': 'double'에서 'GLfloat'(으)로 잘립니다.
Character.cpp(196): warning C4305: '인수': 'double'에서 'GLfloat'(으)로 잘립니다.
Character.cpp(203): warning C4244: '인수': 'double'에서 'GLfloat'(으)로 변환하면서 데이터가 손실될 수 있습니다.
Character.cpp(205): warning C4305: '인수': 'double'에서 'GLfloat'(으)로 잘립니다.
Character.cpp(211): warning C4305: '인수': 'double'에서 'GLfloat'(으)로 잘립니다.
Character.cpp(216): warning C4244: '인수': 'double'에서 'GLfloat'(으)로 변환하면서 데이터가 손실될 수 있습니다.
Character.cpp(218): warning C4305: '인수': 'double'에서 'GLfloat'(으)로 잘립니다.
Character.cpp(224): warning C4305: '인수': 'double'에서 'GLfloat'(으)로 잘립니다.
Character.cpp(229): warning C4244: '인수': 'double'에서 'GLfloat'(으)로 변환하면서 데이터가 손실될 수 있습니다.
Character.cpp(231): warning C4305: '인수': 'double'에서 'GLfloat'(으)로 잘립니다.
Character.cpp(237): warning C4305: '인수': 'double'에서 'GLfloat'(으)로 잘립니다.
Character.cpp(242): warning C4244: '인수': 'double'에서 'GLfloat'(으)로 변환하면서 데이터가 손실될 수 있습니다.
Character.cpp(244): warning C4305: '인수': 'double'에서 'GLfloat'(으)로 잘립니다.
Character.cpp(251): warning C4305: '인수': 'double'에서 'GLfloat'(으)로 잘립니다.
Character.cpp(259): warning C4244: '인수': 'int'에서 'GLfloat'(으)로 변환하면서 데이터가 손실될 수 있습니다.
Character.cpp(266): warning C4305: '인수': 'double'에서 'GLfloat'(으)로 잘립니다.
Character.cpp(272): warning C4305: '인수': 'double'에서 'GLfloat'(으)로 잘립니다.
Character.cpp(279): warning C4244: '인수': 'int'에서 'GLfloat'(으)로 변환하면서 데이터가 손실될 수 있습니다.
Character.cpp(286): warning C4305: '인수': 'double'에서 'GLfloat'(으)로 잘립니다.
Character.cpp(292): warning C4305: '인수': 'double'에서 'GLfloat'(으)로 잘립니다.
Character.cpp(308): warning C4244: '인수': 'int'에서 'GLfloat'(으)로 변환하면서 데이터가 손실될 수 있습니다.
Character.cpp(332): warning C4244: '인수': 'int'에서 'GLfloat'(으)로 변환하면서 데이터가 손실될 수 있습니다.
Character.cpp(338): warning C4244: '인수': 'int'에서 'GLfloat'(으)로 변환하면서 데이터가 손실될 수 있습니다.
Character.cpp(344): warning C4244: '인수': 'int'에서 'GLfloat'(으)로 변환하면서 데이터가 손실될 수 있습니다.
Character.cpp(350): warning C4244: '인수': 'int'에서 'GLfloat'(으)로 변환하면서 데이터가 손실될 수 있습니다.
Character.cpp(356): warning C4244: '인수': 'int'에서 'GLfloat'(으)로 변환하면서 데이터가 손실될 수 있습니다.
Character.cpp(362): warning C4244: '인수': 'int'에서 'GLfloat'(으)로 변환하면서 데이터가 손실될 수 있습니다.
Character.cpp(368): warning C4244: '인수': 'int'에서 'GLfloat'(으)로 변환하면서 데이터가 손실될 수 있습니다.
Character.cpp(374): warning C4244: '인수': 'int'에서 'GLfloat'(으)로 변환하면서 데이터가 손실될 수 있습니다.
  CIngame.cpp
  CIntro.cpp
CIntro.cpp(68): warning C4305: '인수': 'double'에서 'GLfloat'(으)로 잘립니다.
CIntro.cpp(70): warning C4305: '인수': 'double'에서 'GLfloat'(으)로 잘립니다.
CIntro.cpp(72): warning C4305: '인수': 'double'에서 'GLfloat'(으)로 잘립니다.
CIntro.cpp(74): warning C4305: '인수': 'double'에서 'GLfloat'(으)로 잘립니다.
CIntro.cpp(79): warning C4305: '인수': 'double'에서 'GLfloat'(으)로 잘립니다.
CIntro.cpp(81): warning C4305: '인수': 'double'에서 'GLfloat'(으)로 잘립니다.
CIntro.cpp(83): warning C4305: '인수': 'double'에서 'GLfloat'(으)로 잘립니다.
CIntro.cpp(85): warning C4305: '인수': 'double'에서 'GLfloat'(으)로 잘립니다.
CIntro.cpp(96): warning C4996: 'fopen': This function or variable may be unsafe. Consider using fopen_s instead. To disable deprecation, use _CRT_SECURE_NO_WARNINGS. See online help for details.
  C:\Program Files (x86)\Windows Kits\10\Include\10.0.10240.0\ucrt\stdio.h(205): note: 'fopen' 선언을 참조하십시오.
  CSoundManager.cpp
  CSphere.cpp
CSphere.cpp(4): warning C4244: '=': 'int'에서 'float'(으)로 변환하면서 데이터가 손실될 수 있습니다.
CSphere.cpp(5): warning C4244: '=': 'int'에서 'float'(으)로 변환하면서 데이터가 손실될 수 있습니다.
CSphere.cpp(17): warning C4244: '=': 'int'에서 'float'(으)로 변환하면서 데이터가 손실될 수 있습니다.
  GameOver.cpp
GameOver.cpp(75): warning C4996: 'fopen': This function or variable may be unsafe. Consider using fopen_s instead. To disable deprecation, use _CRT_SECURE_NO_WARNINGS. See online help for details.
  C:\Program Files (x86)\Windows Kits\10\Include\10.0.10240.0\ucrt\stdio.h(205): note: 'fopen' 선언을 참조하십시오.
  LIGHT.cpp
  map.cpp
map.cpp(59): warning C4244: '인수': 'int'에서 'GLfloat'(으)로 변환하면서 데이터가 손실될 수 있습니다.
map.cpp(61): warning C4244: '인수': 'int'에서 'GLfloat'(으)로 변환하면서 데이터가 손실될 수 있습니다.
map.cpp(63): warning C4244: '인수': 'int'에서 'GLfloat'(으)로 변환하면서 데이터가 손실될 수 있습니다.
map.cpp(65): warning C4244: '인수': 'int'에서 'GLfloat'(으)로 변환하면서 데이터가 손실될 수 있습니다.
map.cpp(94): warning C4244: '인수': 'int'에서 'GLfloat'(으)로 변환하면서 데이터가 손실될 수 있습니다.
map.cpp(96): warning C4244: '인수': 'int'에서 'GLfloat'(으)로 변환하면서 데이터가 손실될 수 있습니다.
map.cpp(98): warning C4244: '인수': 'int'에서 'GLfloat'(으)로 변환하면서 데이터가 손실될 수 있습니다.
map.cpp(100): warning C4244: '인수': 'int'에서 'GLfloat'(으)로 변환하면서 데이터가 손실될 수 있습니다.
map.cpp(107): warning C4244: '인수': 'int'에서 'GLfloat'(으)로 변환하면서 데이터가 손실될 수 있습니다.
map.cpp(109): warning C4244: '인수': 'int'에서 'GLfloat'(으)로 변환하면서 데이터가 손실될 수 있습니다.
map.cpp(111): warning C4244: '인수': 'int'에서 'GLfloat'(으)로 변환하면서 데이터가 손실될 수 있습니다.
map.cpp(113): warning C4244: '인수': 'int'에서 'GLfloat'(으)로 변환하면서 데이터가 손실될 수 있습니다.
map.cpp(136): warning C4244: '인수': 'int'에서 'GLfloat'(으)로 변환하면서 데이터가 손실될 수 있습니다.
map.cpp(138): warning C4244: '인수': 'int'에서 'GLfloat'(으)로 변환하면서 데이터가 손실될 수 있습니다.
map.cpp(140): warning C4244: '인수': 'int'에서 'GLfloat'(으)로 변환하면서 데이터가 손실될 수 있습니다.
map.cpp(142): warning C4244: '인수': 'int'에서 'GLfloat'(으)로 변환하면서 데이터가 손실될 수 있습니다.
map.cpp(153): warning C4996: 'fopen': This function or variable may be unsafe. Consider using fopen_s instead. To disable deprecation, use _CRT_SECURE_NO_WARNINGS. See online help for details.
  C:\Program Files (x86)\Windows Kits\10\Include\10.0.10240.0\ucrt\stdio.h(205): note: 'fopen' 선언을 참조하십시오.
  map2.cpp
map2.cpp(81): warning C4244: '인수': 'int'에서 'GLfloat'(으)로 변환하면서 데이터가 손실될 수 있습니다.
map2.cpp(83): warning C4244: '인수': 'int'에서 'GLfloat'(으)로 변환하면서 데이터가 손실될 수 있습니다.
map2.cpp(85): warning C4244: '인수': 'int'에서 'GLfloat'(으)로 변환하면서 데이터가 손실될 수 있습니다.
map2.cpp(87): warning C4244: '인수': 'int'에서 'GLfloat'(으)로 변환하면서 데이터가 손실될 수 있습니다.
map2.cpp(95): warning C4244: '인수': 'int'에서 'GLfloat'(으)로 변환하면서 데이터가 손실될 수 있습니다.
map2.cpp(97): warning C4244: '인수': 'int'에서 'GLfloat'(으)로 변환하면서 데이터가 손실될 수 있습니다.
map2.cpp(99): warning C4244: '인수': 'int'에서 'GLfloat'(으)로 변환하면서 데이터가 손실될 수 있습니다.
map2.cpp(101): warning C4244: '인수': 'int'에서 'GLfloat'(으)로 변환하면서 데이터가 손실될 수 있습니다.
map2.cpp(108): warning C4244: '인수': 'int'에서 'GLfloat'(으)로 변환하면서 데이터가 손실될 수 있습니다.
map2.cpp(110): warning C4244: '인수': 'int'에서 'GLfloat'(으)로 변환하면서 데이터가 손실될 수 있습니다.
map2.cpp(112): warning C4244: '인수': 'int'에서 'GLfloat'(으)로 변환하면서 데이터가 손실될 수 있습니다.
map2.cpp(114): warning C4244: '인수': 'int'에서 'GLfloat'(으)로 변환하면서 데이터가 손실될 수 있습니다.
map2.cpp(149): warning C4305: '인수': 'double'에서 'GLfloat'(으)로 잘립니다.
map2.cpp(157): warning C4244: '인수': 'int'에서 'GLfloat'(으)로 변환하면서 데이터가 손실될 수 있습니다.
map2.cpp(159): warning C4244: '인수': 'int'에서 'GLfloat'(으)로 변환하면서 데이터가 손실될 수 있습니다.
map2.cpp(161): warning C4244: '인수': 'int'에서 'GLfloat'(으)로 변환하면서 데이터가 손실될 수 있습니다.
map2.cpp(163): warning C4244: '인수': 'int'에서 'GLfloat'(으)로 변환하면서 데이터가 손실될 수 있습니다.
map2.cpp(168): warning C4305: '인수': 'double'에서 'GLfloat'(으)로 잘립니다.
map2.cpp(175): warning C4244: '인수': 'int'에서 'GLfloat'(으)로 변환하면서 데이터가 손실될 수 있습니다.
map2.cpp(177): warning C4244: '인수': 'int'에서 'GLfloat'(으)로 변환하면서 데이터가 손실될 수 있습니다.
map2.cpp(179): warning C4244: '인수': 'int'에서 'GLfloat'(으)로 변환하면서 데이터가 손실될 수 있습니다.
map2.cpp(181): warning C4244: '인수': 'int'에서 'GLfloat'(으)로 변환하면서 데이터가 손실될 수 있습니다.
map2.cpp(184): warning C4305: '인수': 'double'에서 'GLfloat'(으)로 잘립니다.
map2.cpp(191): warning C4244: '인수': 'int'에서 'GLfloat'(으)로 변환하면서 데이터가 손실될 수 있습니다.
map2.cpp(193): warning C4244: '인수': 'int'에서 'GLfloat'(으)로 변환하면서 데이터가 손실될 수 있습니다.
map2.cpp(195): warning C4244: '인수': 'int'에서 'GLfloat'(으)로 변환하면서 데이터가 손실될 수 있습니다.
map2.cpp(197): warning C4244: '인수': 'int'에서 'GLfloat'(으)로 변환하면서 데이터가 손실될 수 있습니다.
map2.cpp(200): warning C4305: '인수': 'double'에서 'GLfloat'(으)로 잘립니다.
map2.cpp(205): warning C4244: '인수': 'int'에서 'GLfloat'(으)로 변환하면서 데이터가 손실될 수 있습니다.
map2.cpp(207): warning C4244: '인수': 'int'에서 'GLfloat'(으)로 변환하면서 데이터가 손실될 수 있습니다.
map2.cpp(209): warning C4244: '인수': 'int'에서 'GLfloat'(으)로 변환하면서 데이터가 손실될 수 있습니다.
map2.cpp(211): warning C4244: '인수': 'int'에서 'GLfloat'(으)로 변환하면서 데이터가 손실될 수 있습니다.
map2.cpp(214): warning C4305: '인수': 'double'에서 'GLfloat'(으)로 잘립니다.
map2.cpp(221): warning C4244: '인수': 'int'에서 'GLfloat'(으)로 변환하면서 데이터가 손실될 수 있습니다.
map2.cpp(223): warning C4244: '인수': 'int'에서 'GLfloat'(으)로 변환하면서 데이터가 손실될 수 있습니다.
map2.cpp(225): warning C4244: '인수': 'int'에서 'GLfloat'(으)로 변환하면서 데이터가 손실될 수 있습니다.
map2.cpp(227): warning C4244: '인수': 'int'에서 'GLfloat'(으)로 변환하면서 데이터가 손실될 수 있습니다.
map2.cpp(240): warning C4996: 'fopen': This function or variable may be unsafe. Consider using fopen_s instead. To disable deprecation, use _CRT_SECURE_NO_WARNINGS. See online help for details.
  C:\Program Files (x86)\Windows Kits\10\Include\10.0.10240.0\ucrt\stdio.h(205): note: 'fopen' 선언을 참조하십시오.
  Opengl.cpp
Opengl.cpp(56): warning C4244: '인수': 'int'에서 'GLfloat'(으)로 변환하면서 데이터가 손실될 수 있습니다.
Opengl.cpp(62): warning C4244: '인수': 'int'에서 'GLfloat'(으)로 변환하면서 데이터가 손실될 수 있습니다.
Opengl.cpp(68): warning C4244: '인수': 'int'에서 'GLfloat'(으)로 변환하면서 데이터가 손실될 수 있습니다.
Opengl.cpp(74): warning C4244: '인수': 'int'에서 'GLfloat'(으)로 변환하면서 데이터가 손실될 수 있습니다.
Opengl.cpp(80): warning C4244: '인수': 'int'에서 'GLfloat'(으)로 변환하면서 데이터가 손실될 수 있습니다.
Opengl.cpp(86): warning C4244: '인수': 'int'에서 'GLfloat'(으)로 변환하면서 데이터가 손실될 수 있습니다.
Opengl.cpp(92): warning C4244: '인수': 'int'에서 'GLfloat'(으)로 변환하면서 데이터가 손실될 수 있습니다.
Opengl.cpp(98): warning C4244: '인수': 'int'에서 'GLfloat'(으)로 변환하면서 데이터가 손실될 수 있습니다.
Opengl.cpp(106): warning C4305: '인수': 'double'에서 'GLfloat'(으)로 잘립니다.
Opengl.cpp(113): warning C4305: '인수': 'double'에서 'GLfloat'(으)로 잘립니다.
Opengl.cpp(118): warning C4305: '인수': 'double'에서 'GLfloat'(으)로 잘립니다.
Opengl.cpp(123): warning C4305: '인수': 'double'에서 'GLfloat'(으)로 잘립니다.
Opengl.cpp(129): warning C4305: '인수': 'double'에서 'GLfloat'(으)로 잘립니다.
Opengl.cpp(135): warning C4305: '인수': 'double'에서 'GLfloat'(으)로 잘립니다.
Opengl.cpp(536): warning C4996: 'fopen': This function or variable may be unsafe. Consider using fopen_s instead. To disable deprecation, use _CRT_SECURE_NO_WARNINGS. See online help for details.
  C:\Program Files (x86)\Windows Kits\10\Include\10.0.10240.0\ucrt\stdio.h(205): note: 'fopen' 선언을 참조하십시오.
  Source.cpp
LINK : fatal error LNK1104: 'freeglut.lib' 파일을 열 수 없습니다.
